d:\0603基础班\01_c语言基础第07天（字符串处理函数和函数）\02代码\day07\day07\debug\vc140.pdb
d:\0603基础班\01_c语言基础第07天（字符串处理函数和函数）\02代码\day07\day07\debug\vc140.idb
d:\0603基础班\01_c语言基础第07天（字符串处理函数和函数）\02代码\day07\day07\debug\01test.obj
d:\0603基础班\01_c语言基础第07天（字符串处理函数和函数）\02代码\day07\day07\debug\03随机数.obj
d:\0603基础班\01_c语言基础第07天（字符串处理函数和函数）\02代码\day07\day07\debug\04随机数例子.obj
d:\0603基础班\01_c语言基础第07天（字符串处理函数和函数）\02代码\day07\day07\debug\05字符串比较.obj
d:\0603基础班\01_c语言基础第07天（字符串处理函数和函数）\02代码\day07\day07\debug\06字符串的输入输出.obj
d:\0603基础班\01_c语言基础第07天（字符串处理函数和函数）\02代码\day07\day07\debug\07字符串长度.obj
d:\0603基础班\01_c语言基础第07天（字符串处理函数和函数）\02代码\day07\day07\debug\08字符串拷贝.obj
d:\0603基础班\01_c语言基础第07天（字符串处理函数和函数）\02代码\day07\day07\debug\09字符串追加.obj
d:\0603基础班\01_c语言基础第07天（字符串处理函数和函数）\02代码\day07\day07\debug\10字符串比较.obj
d:\0603基础班\01_c语言基础第07天（字符串处理函数和函数）\02代码\day07\day07\debug\11字符串格式化输入输出.obj
d:\0603基础班\01_c语言基础第07天（字符串处理函数和函数）\02代码\day07\day07\debug\12字符串中查找字符.obj
d:\0603基础班\01_c语言基础第07天（字符串处理函数和函数）\02代码\day07\day07\debug\13字符串中查找字符串.obj
d:\0603基础班\01_c语言基础第07天（字符串处理函数和函数）\02代码\day07\day07\debug\14字符串截取.obj
d:\0603基础班\01_c语言基础第07天（字符串处理函数和函数）\02代码\day07\day07\debug\15字符串类型转换.obj
d:\0603基础班\01_c语言基础第07天（字符串处理函数和函数）\02代码\day07\day07\debug\16函数的定义和使用.obj
d:\0603基础班\01_c语言基础第07天（字符串处理函数和函数）\02代码\day07\debug\day07.ilk
d:\0603基础班\01_c语言基础第07天（字符串处理函数和函数）\02代码\day07\debug\day07.exe
d:\0603基础班\01_c语言基础第07天（字符串处理函数和函数）\02代码\day07\debug\day07.pdb
d:\0603基础班\01_c语言基础第07天（字符串处理函数和函数）\02代码\day07\day07\debug\day07.tlog\cl.command.1.tlog
d:\0603基础班\01_c语言基础第07天（字符串处理函数和函数）\02代码\day07\day07\debug\day07.tlog\cl.read.1.tlog
d:\0603基础班\01_c语言基础第07天（字符串处理函数和函数）\02代码\day07\day07\debug\day07.tlog\cl.write.1.tlog
d:\0603基础班\01_c语言基础第07天（字符串处理函数和函数）\02代码\day07\day07\debug\day07.tlog\link.command.1.tlog
d:\0603基础班\01_c语言基础第07天（字符串处理函数和函数）\02代码\day07\day07\debug\day07.tlog\link.read.1.tlog
d:\0603基础班\01_c语言基础第07天（字符串处理函数和函数）\02代码\day07\day07\debug\day07.tlog\link.write.1.tlog
